<?xml version="1.0" encoding="UTF-8"?>
<!-- Generated by org.testng.reporters.JUnitReportReporter -->
<testsuite hostname="LAPTOP-VRF7QEJL" failures="0" tests="1" name="practice.TC_001" time="0.007" errors="0" timestamp="2024-11-18T09:23:44 IST" skipped="0">
  <testcase classname="practice.TC_001" name="testCase" time="0.007"/>
</testsuite> <!-- practice.TC_001 -->
