<?xml version="1.0" encoding="UTF-8"?>
<!-- Generated by org.testng.reporters.JUnitReportReporter -->
<testsuite hostname="LAPTOP-VRF7QEJL" failures="0" tests="1" name="sample.Demo" time="0.011" errors="0" timestamp="2024-11-15T09:59:03 IST" skipped="0">
  <testcase classname="sample.Demo" name="sample" time="0.011"/>
</testsuite> <!-- sample.Demo -->
